"C:\Documents and Settings\DAG\My Documents\Visual Studio 2010\Projects\WizardWrx_Libs\AnyCSV\_archive\Archive_AnyCSV.CMD" Begin

------------------------------------------------------------------------
Project Assembly = C:\Documents and Settings\DAG\My Documents\Visual Studio 2010\Projects\WizardWrx_Libs\AnyCSV\AnyCSV\bin\Release\WizardWrx.AnyCSV.dll
Backup Directory = C:\COMMON_DATA\Assorted_Zips\program_source\Visual Studio 2010
Backup Password  = Default
------------------------------------------------------------------------

WWSourceCodeArchiver, version 2.0.11.25045
Begin @ 08/13/2014 18:18:58 (08/13/2014 23:18:58 UTC)

ProjectPath            = C:\Documents and Settings\DAG\My Documents\Visual Studio 2010\Projects\WizardWrx_Libs\AnyCSV\AnyCSV\bin\Release\WizardWrx.AnyCSV.dll
TargetPath             = C:\COMMON_DATA\Assorted_Zips\program_source\Visual Studio 2010\
Product Type           = DynamicLinkLibrary

Program Directory Name = C:\Documents and Settings\DAG\My Documents\Visual Studio 2010\Projects\WizardWrx_Libs\AnyCSV\AnyCSV\bin\Release
Program File Name      = WizardWrx.AnyCSV.dll
    File Size          = 14,848
    Create Date (LOC)  = 2014/07/07 01:00:59.279
    Create Date (UTC)  = 2014/07/07 06:00:59.279
    Mod Date (LOC)     = 2014/08/13 18:00:20.220
    Mod Date (UTC)     = 2014/08/13 23:00:20.220
Project Name           = AnyCSV
Project Root           = C:\Documents and Settings\DAG\My Documents\Visual Studio 2010\Projects\WizardWrx_Libs\AnyCSV\
Assembly FullName      = WizardWrx.AnyCSV, Version=3.0.41.30609, Culture=neutral
, PublicKeyToken=null
    BaseName           = WizardWrx.AnyCSV
    Full Version       = 3.0.41.30609
    Culture            = neutral
    PublicKeyToken     = null

2014/08/13 18:18:59.160 Creating archive.
2014/08/13 18:19:09.207 The archive was successfully created.
2014/08/13 18:19:09.472 Archive flag reset on 240 project files.

Archive FQFN           = C:\COMMON_DATA\Assorted_Zips\program_source\Visual Studio 2010\WizardWrx.AnyCSV_3_0_41_30609.7z
    File Size          = 405,955
    Create Date (LOC)  = 2014/08/13 18:18:59.628
    Create Date (UTC)  = 2014/08/13 23:18:59.628
    Mod Date (LOC)     = 2014/08/13 18:19:09.191
    Mod Date (UTC)     = 2014/08/13 23:19:09.191

WWSourceCodeArchiver End - 08/13/2014 18:19:09 (08/13/2014 23:19:09 UTC)
Elapsed time: 00:00:11.671
WWPause version 2, 0, 0, 3
Wed 13 Aug 2014 23:19:10 UTC
Wed 13 Aug 2014 18:19:10 Local

Please press RETURN when ready...